0 info it worked if it ends with ok
1 verbose cli [ 'd:\\softs\\nodejs\\node.exe',
1 verbose cli   'd:\\softs\\nodejs\\node_modules\\npm\\bin\\npm-cli.js',
1 verbose cli   'run',
1 verbose cli   'debug' ]
2 info using npm@3.6.0
3 info using node@v5.6.0
4 verbose run-script [ 'predebug', 'debug', 'postdebug' ]
5 info lifecycle webgl-experiments@0.0.1~predebug: webgl-experiments@0.0.1
6 silly lifecycle webgl-experiments@0.0.1~predebug: no script for predebug, continuing
7 info lifecycle webgl-experiments@0.0.1~debug: webgl-experiments@0.0.1
8 verbose lifecycle webgl-experiments@0.0.1~debug: unsafe-perm in lifecycle true
9 verbose lifecycle webgl-experiments@0.0.1~debug: PATH: d:\softs\nodejs\node_modules\npm\bin\node-gyp-bin;e:\Code\github\webgl-experiments\node_modules\.bin;d:\Home\bin;.;D:\softs\Git\local\bin;D:\softs\Git\mingw\bin;D:\softs\Git\bin;d:\softs\Python34\;d:\softs\Python34\Scripts\;d:\Softs\ImageMagick-6.9.3-Q16;c:\EXTUserAppl\Oracle\Client\11.2.0.4_64\bin;c:\ProgramData\Oracle\Java\javapath;c:\EXTUserAppl\Oracle\Client\11.2.0.4_32\bin;d:\softs\Python27\;d:\softs\Python33\Scripts;d:\softs\TexLive_Full\2010\bin\win32;d:\softs\ImageMagick-6.8.4-Q16;d:\softs\Python33\;d:\Softs\ImageMagick;c:\Orbix\Orbix6\bin;c:\EXTUserAppl\Oracle\Client\11.2.0.1_32\bin;c:\EXTUserAppl\Oracle\Client\11.2.0.1_64\bin;c:\Windows\system32;c:\Windows;c:\Windows\System32\Wbem;c:\LOCLibrary\Bin;c:\LOCLibrary\PluginsArte;d:\projects\maven\mvn3\bin;d:\softs\Graphviz 2.28\bin;c:\Program Files (x86)\Citrix\System32\;d:\softs\KDiff3;c:\Program Files (x86)\Microsoft SMS Installer\Installer Step-up Utility\Apps;c:\Program Files (x86)\Microsoft SMS Installer\Installer Step-up Utility\Apps\Extensions;c:\Program Files (x86)\Xoreax\IncrediBuild;c:\Program Files (x86)\Enterprise Vault\EVClient\;c:\EXTUserAppl\Microsoft\SoftGrid_Client_WD;c:\Windows\System32\WindowsPowerShell\v1.0\;c:\Program Files (x86)\Windows Kits\8.1\Windows Performance Toolkit\;c:\Program Files\Microsoft SQL Server\110\Tools\Binn\;c:\Program Files\Microsoft\Web Platform Installer\;d:\softs\doxygen\bin;d:\softs\Emscripten\clang\e1.29.0_64bit;d:\softs\Emscripten\node\0.10.17_64bit;d:\softs\Emscripten\python\2.7.5.3_64bit;d:\softs\Emscripten\java\7.45_64bit\bin;d:\softs\Emscripten;d:\softs\Emscripten\emscripten\1.29.0;d:\softs\Emscripten\crunch\1.03;d:\softs\Emscripten\mingw\4.6.2_32bit;D:\softs\Git\cmd;c:\Program Files (x86)\Microsoft SDKs\TypeScript\1.0\;c:\Program Files\Microsoft SQL Server\120\Tools\Binn\;d:\Softs\texlive\2015\bin\win32;c:\LOCLibrary\bin\;c:\LOCLibrary\Loki\;d:\softs\nodejs\;d:\softs\Brackets\command;d:\softs\TortoiseSVN\bin;e:\LOCLibrary\Bin;c:\Program Files\Citrix\System32\;c:\Program Files\Citrix\ICAService\;c:\Program Files (x86)\Kaspersky Lab\Kaspersky Endpoint Security 10 for Windows SP1\;e:\projects\maven\mvn3\bin;e:\projects\maven\mvn33\bin;e:\LOCLibrary\Loki;c:\EXTUserAppl\Beyond Compare 3;d:\softs\node-webkit;d:\softs\texlive\2015\bin\win32;d:\softs\jdk7\bin;D:\softs\Git\bin;d:\softs\KDiff3\;c:\Orbix\Orbix6\asp\6.3\bin;d:\softs\Rust_1.1\bin;c:\Users\petitjean\AppData\Roaming\npm
10 verbose lifecycle webgl-experiments@0.0.1~debug: CWD: e:\Code\github\webgl-experiments
11 silly lifecycle webgl-experiments@0.0.1~debug: Args: [ '/d /s /c',
11 silly lifecycle   'node node_modules/toloframework/bin/tfw.js build dev test php watch' ]
12 silly lifecycle webgl-experiments@0.0.1~debug: Returned: code: 1  signal: null
13 info lifecycle webgl-experiments@0.0.1~debug: Failed to exec debug script
14 verbose stack Error: webgl-experiments@0.0.1 debug: `node node_modules/toloframework/bin/tfw.js build dev test php watch`
14 verbose stack Exit status 1
14 verbose stack     at EventEmitter.<anonymous> (d:\softs\nodejs\node_modules\npm\lib\utils\lifecycle.js:232:16)
14 verbose stack     at emitTwo (events.js:100:13)
14 verbose stack     at EventEmitter.emit (events.js:185:7)
14 verbose stack     at ChildProcess.<anonymous> (d:\softs\nodejs\node_modules\npm\lib\utils\spawn.js:24:14)
14 verbose stack     at emitTwo (events.js:100:13)
14 verbose stack     at ChildProcess.emit (events.js:185:7)
14 verbose stack     at maybeClose (internal/child_process.js:827:16)
14 verbose stack     at Process.ChildProcess._handle.onexit (internal/child_process.js:211:5)
15 verbose pkgid webgl-experiments@0.0.1
16 verbose cwd e:\Code\github\webgl-experiments
17 error Windows_NT 6.1.7601
18 error argv "d:\\softs\\nodejs\\node.exe" "d:\\softs\\nodejs\\node_modules\\npm\\bin\\npm-cli.js" "run" "debug"
19 error node v5.6.0
20 error npm  v3.6.0
21 error code ELIFECYCLE
22 error webgl-experiments@0.0.1 debug: `node node_modules/toloframework/bin/tfw.js build dev test php watch`
22 error Exit status 1
23 error Failed at the webgl-experiments@0.0.1 debug script 'node node_modules/toloframework/bin/tfw.js build dev test php watch'.
23 error Make sure you have the latest version of node.js and npm installed.
23 error If you do, this is most likely a problem with the webgl-experiments package,
23 error not with npm itself.
23 error Tell the author that this fails on your system:
23 error     node node_modules/toloframework/bin/tfw.js build dev test php watch
23 error You can get information on how to open an issue for this project with:
23 error     npm bugs webgl-experiments
23 error Or if that isn't available, you can get their info via:
23 error     npm owner ls webgl-experiments
23 error There is likely additional logging output above.
24 verbose exit [ 1, true ]
